Using pre-set license
Built from '2021.3/staging' branch; Version is '2021.3.4f1 (cb45f9cae8b7) revision 13321721'; Using compiler version '192829333'; Build Type 'Release'
OS: 'Windows 10  (10.0.19045) 64bit Core' Language: 'ko' Physical Memory: 31904 MB
BatchMode: 1, IsHumanControllingUs: 0, StartBugReporterOnCrash: 0, Is64bit: 1, IsPro: 1

COMMAND LINE ARGUMENTS:
C:\Program Files\Unity 2021.3.4f1\Editor\Unity.exe
-adb2
-batchMode
-noUpm
-name
AssetImportWorker11
-projectPath
C:/Users/c/Documents/GitHub/WoongJin_Game/Animal_Land
-logFile
Logs/AssetImportWorker11.log
-srvPort
49763
Successfully changed project path to: C:/Users/c/Documents/GitHub/WoongJin_Game/Animal_Land
C:/Users/c/Documents/GitHub/WoongJin_Game/Animal_Land
[UnityMemory] Configuration Parameters - Can be set up in boot.config
    "memorysetup-bucket-allocator-granularity=16"
    "memorysetup-bucket-allocator-bucket-count=8"
    "memorysetup-bucket-allocator-block-size=33554432"
    "memorysetup-bucket-allocator-block-count=8"
    "memorysetup-main-allocator-block-size=16777216"
    "memorysetup-thread-allocator-block-size=16777216"
    "memorysetup-gfx-main-allocator-block-size=16777216"
    "memorysetup-gfx-thread-allocator-block-size=16777216"
    "memorysetup-cache-allocator-block-size=4194304"
    "memorysetup-typetree-allocator-block-size=2097152"
    "memorysetup-profiler-bucket-allocator-granularity=16"
    "memorysetup-profiler-bucket-allocator-bucket-count=8"
    "memorysetup-profiler-bucket-allocator-block-size=33554432"
    "memorysetup-profiler-bucket-allocator-block-count=8"
    "memorysetup-profiler-allocator-block-size=16777216"
    "memorysetup-profiler-editor-allocator-block-size=1048576"
    "memorysetup-temp-allocator-size-main=16777216"
    "memorysetup-job-temp-allocator-block-size=2097152"
    "memorysetup-job-temp-allocator-block-size-background=1048576"
    "memorysetup-job-temp-allocator-reduction-small-platforms=262144"
    "memorysetup-temp-allocator-size-background-worker=32768"
    "memorysetup-temp-allocator-size-job-worker=262144"
    "memorysetup-temp-allocator-size-preload-manager=33554432"
    "memorysetup-temp-allocator-size-nav-mesh-worker=65536"
    "memorysetup-temp-allocator-size-audio-worker=65536"
    "memorysetup-temp-allocator-size-cloud-worker=32768"
    "memorysetup-temp-allocator-size-gi-baking-worker=262144"
    "memorysetup-temp-allocator-size-gfx=262144"
Refreshing native plugins compatible for Editor in 77.55 ms, found 4 plugins.
Preloading 0 native plugins for Editor in 0.00 ms.
Initialize engine version: 2021.3.4f1 (cb45f9cae8b7)
[Subsystems] Discovering subsystems at path C:/Program Files/Unity 2021.3.4f1/Editor/Data/Resources/UnitySubsystems
[Subsystems] Discovering subsystems at path C:/Users/c/Documents/GitHub/WoongJin_Game/Animal_Land/Assets
GfxDevice: creating device client; threaded=0; jobified=0
Direct3D:
    Version:  Direct3D 11.0 [level 11.1]
    Renderer: NVIDIA GeForce RTX 3060 Ti (ID=0x24c9)
    Vendor:   NVIDIA
    VRAM:     8038 MB
    Driver:   31.0.15.3623
Initialize mono
Mono path[0] = 'C:/Program Files/Unity 2021.3.4f1/Editor/Data/Managed'
Mono path[1] = 'C:/Program Files/Unity 2021.3.4f1/Editor/Data/MonoBleedingEdge/lib/mono/unityjit-win32'
Mono config path = 'C:/Program Files/Unity 2021.3.4f1/Editor/Data/MonoBleedingEdge/etc'
Using monoOptions --debugger-agent=transport=dt_socket,embedding=1,server=y,suspend=n,address=127.0.0.1:56948
Begin MonoManager ReloadAssembly
Registering precompiled unity dll's ...
Register platform support module: C:/Program Files/Unity 2021.3.4f1/Editor/Data/PlaybackEngines/WindowsStandaloneSupport/UnityEditor.WindowsStandalone.Extensions.dll
Registered in 0.003460 seconds.
Native extension for WindowsStandalone target not found
Refreshing native plugins compatible for Editor in 77.33 ms, found 4 plugins.
Preloading 0 native plugins for Editor in 0.00 ms.
Mono: successfully reloaded assembly
- Completed reload, in  0.397 seconds
Domain Reload Profiling:
	ReloadAssembly (398ms)
		BeginReloadAssembly (45ms)
			ExecutionOrderSort (0ms)
			DisableScriptedObjects (0ms)
			BackupInstance (0ms)
			ReleaseScriptingObjects (0ms)
			CreateAndSetChildDomain (0ms)
		EndReloadAssembly (288ms)
			LoadAssemblies (43ms)
			RebuildTransferFunctionScriptingTraits (0ms)
			SetupTypeCache (58ms)
			ReleaseScriptCaches (0ms)
			RebuildScriptCaches (15ms)
			SetupLoadedEditorAssemblies (182ms)
				LogAssemblyErrors (0ms)
				InitializePlatformSupportModulesInManaged (4ms)
				SetLoadedEditorAssemblies (0ms)
				RefreshPlugins (77ms)
				BeforeProcessingInitializeOnLoad (1ms)
				ProcessInitializeOnLoadAttributes (71ms)
				ProcessInitializeOnLoadMethodAttributes (28ms)
				AfterProcessingInitializeOnLoad (0ms)
				EditorAssembliesLoaded (0ms)
			ExecutionOrderSort2 (0ms)
			AwakeInstancesAfterBackupRestoration (0ms)
Platform modules already initialized, skipping
Registering precompiled user dll's ...
Registered in 0.006794 seconds.
Begin MonoManager ReloadAssembly
Symbol file LoadedFromMemory doesn't match image C:\Users\c\Documents\GitHub\WoongJin_Game\Animal_Land\Library\PackageCache\com.unity.visualscripting@1.7.8\Editor\VisualScripting.Core\Dependencies\DotNetZip\Unity.VisualScripting.IonicZip.dll
Symbol file LoadedFromMemory doesn't match image C:\Users\c\Documents\GitHub\WoongJin_Game\Animal_Land\Library\PackageCache\com.unity.visualscripting@1.7.8\Editor\VisualScripting.Core\Dependencies\YamlDotNet\Unity.VisualScripting.YamlDotNet.dll
Native extension for WindowsStandalone target not found
Refreshing native plugins compatible for Editor in 72.44 ms, found 4 plugins.
Preloading 0 native plugins for Editor in 0.00 ms.
Mono: successfully reloaded assembly
Package Manager log level set to [2]
- Completed reload, in  0.727 seconds
Domain Reload Profiling:
	ReloadAssembly (727ms)
		BeginReloadAssembly (64ms)
			ExecutionOrderSort (0ms)
			DisableScriptedObjects (3ms)
			BackupInstance (0ms)
			ReleaseScriptingObjects (0ms)
			CreateAndSetChildDomain (11ms)
		EndReloadAssembly (592ms)
			LoadAssemblies (58ms)
			RebuildTransferFunctionScriptingTraits (0ms)
			SetupTypeCache (136ms)
			ReleaseScriptCaches (1ms)
			RebuildScriptCaches (35ms)
			SetupLoadedEditorAssemblies (328ms)
				LogAssemblyErrors (0ms)
				InitializePlatformSupportModulesInManaged (3ms)
				SetLoadedEditorAssemblies (0ms)
				RefreshPlugins (72ms)
				BeforeProcessingInitializeOnLoad (79ms)
				ProcessInitializeOnLoadAttributes (139ms)
				ProcessInitializeOnLoadMethodAttributes (28ms)
				AfterProcessingInitializeOnLoad (7ms)
				EditorAssembliesLoaded (0ms)
			ExecutionOrderSort2 (0ms)
			AwakeInstancesAfterBackupRestoration (4ms)
Platform modules already initialized, skipping
========================================================================
Worker process is ready to serve import requests
Launched and connected shader compiler UnityShaderCompiler.exe after 0.04 seconds
Refreshing native plugins compatible for Editor in 0.69 ms, found 4 plugins.
Preloading 0 native plugins for Editor in 0.00 ms.
Unloading 4695 Unused Serialized files (Serialized files now loaded: 0)
Unloading 62 unused Assets / (56.4 KB). Loaded Objects now: 5128.
Memory consumption went from 173.2 MB to 173.1 MB.
Total: 2.506900 ms (FindLiveObjects: 0.197900 ms CreateObjectMapping: 0.069300 ms MarkObjects: 2.188200 ms  DeleteObjects: 0.050900 ms)

AssetImportParameters requested are different than current active one (requested -> active):
  custom:video-decoder-ogg-theora: a1e56fd34408186e4bbccfd4996cb3dc -> 
  custom:container-muxer-webm: aa71ff27fc2769a1b78a27578f13a17b -> 
  custom:container-demuxer-webm: 4f35f7cbe854078d1ac9338744f61a02 -> 
  custom:video-encoder-webm-vp8: eb34c28f22e8b96e1ab97ce403110664 -> 
  custom:audio-encoder-webm-vorbis: bf7c407c2cedff20999df2af8eb42d56 -> 
  custom:framework-win-MediaFoundation: 216162199b28c13a410421893ffa2e32 -> 
  custom:container-demuxer-ogg: 62fdf1f143b41e24485cea50d1cbac27 -> 
  custom:video-decoder-webm-vp8: 9c59270c3fd7afecdb556c50c9e8de78 -> 
  custom:audio-decoder-ogg-vorbis: bf7c407c2cedff20999df2af8eb42d56 -> 
========================================================================
Received Import Request.
  Time since last request: 4052.229261 seconds.
  path: Packages/com.unity.2d.animation/Editor/Assets/SkinningModule/BoneToolbar.uxml
  artifactKey: Guid(c1808a8a0e94621468b171839da19a41) Importer(815301076,1909f56bfc062723c751e8b465ee728b)
Start importing Packages/com.unity.2d.animation/Editor/Assets/SkinningModule/BoneToolbar.uxml using Guid(c1808a8a0e94621468b171839da19a41) Importer(815301076,1909f56bfc062723c751e8b465ee728b)  -> (artifact id: 'e987d7ff4a27e3b26eb7e4b2c828389d') in 0.026650 seconds 
========================================================================
Received Import Request.
  Time since last request: 0.032262 seconds.
  path: Packages/com.unity.collab-proxy/Editor/Collaborate/Assets/Layouts/ChangesTabPageView.uxml
  artifactKey: Guid(a1c552fb05993cf4eac00d572aa408f8) Importer(815301076,1909f56bfc062723c751e8b465ee728b)
Start importing Packages/com.unity.collab-proxy/Editor/Collaborate/Assets/Layouts/ChangesTabPageView.uxml using Guid(a1c552fb05993cf4eac00d572aa408f8) Importer(815301076,1909f56bfc062723c751e8b465ee728b)  -> (artifact id: '141299a49c49287a78a4f84698add41d') in 0.003520 seconds 
========================================================================
Received Import Request.
  Time since last request: 1.307337 seconds.
  path: Packages/com.unity.collab-proxy/Editor/Collaborate/EditorGameService/SettingsProviderVisuals/UXML/CollabProjectSettingsEnabled.uxml
  artifactKey: Guid(c1d9e7d786a3841e7858003b3515bbac) Importer(815301076,1909f56bfc062723c751e8b465ee728b)
Start importing Packages/com.unity.collab-proxy/Editor/Collaborate/EditorGameService/SettingsProviderVisuals/UXML/CollabProjectSettingsEnabled.uxml using Guid(c1d9e7d786a3841e7858003b3515bbac) Importer(815301076,1909f56bfc062723c751e8b465ee728b)  -> (artifact id: '1683393b30ff5d1a0922b7f3e8535288') in 0.004038 seconds 
========================================================================
Received Import Request.
  Time since last request: 0.068115 seconds.
  path: Packages/com.unity.collab-proxy/Editor/PlasticSCM/Assets/Layouts/CreateOrganizationPanel.uxml
  artifactKey: Guid(544ec465751093542a3bb5d42b6b5689) Importer(815301076,1909f56bfc062723c751e8b465ee728b)
Start importing Packages/com.unity.collab-proxy/Editor/PlasticSCM/Assets/Layouts/CreateOrganizationPanel.uxml using Guid(544ec465751093542a3bb5d42b6b5689) Importer(815301076,1909f56bfc062723c751e8b465ee728b)  -> (artifact id: 'a2931034886db9745922343efd922c3f') in 0.002209 seconds 
========================================================================
Received Import Request.
  Time since last request: 1.582150 seconds.
  path: Packages/com.unity.collab-proxy/Editor/Collaborate/Assets/Layouts/ErrorPageView.uxml
  artifactKey: Guid(a1f27722ebc4a8f498fd31a30078e2ca) Importer(815301076,1909f56bfc062723c751e8b465ee728b)
Start importing Packages/com.unity.collab-proxy/Editor/Collaborate/Assets/Layouts/ErrorPageView.uxml using Guid(a1f27722ebc4a8f498fd31a30078e2ca) Importer(815301076,1909f56bfc062723c751e8b465ee728b)  -> (artifact id: 'a3ca35a289930a3cfd815cec0f39ecb0') in 0.004469 seconds 
========================================================================
Received Import Request.
  Time since last request: 0.042179 seconds.
  path: Packages/com.unity.2d.animation/Editor/Assets/SkinningModule/GenerateGeometryPanel.uxml
  artifactKey: Guid(d62df6d8cd1bb504dbae262bb6d6efe6) Importer(815301076,1909f56bfc062723c751e8b465ee728b)
Start importing Packages/com.unity.2d.animation/Editor/Assets/SkinningModule/GenerateGeometryPanel.uxml using Guid(d62df6d8cd1bb504dbae262bb6d6efe6) Importer(815301076,1909f56bfc062723c751e8b465ee728b)  -> (artifact id: '6aff2bebd26c9b81c8a395309ca1299d') in 0.002396 seconds 
========================================================================
Received Import Request.
  Time since last request: 1.122307 seconds.
  path: Packages/com.unity.collab-proxy/Editor/Collaborate/Assets/Layouts/HistoryEntryComponent.uxml
  artifactKey: Guid(210e50e15b80af044a15718d78f5388a) Importer(815301076,1909f56bfc062723c751e8b465ee728b)
Start importing Packages/com.unity.collab-proxy/Editor/Collaborate/Assets/Layouts/HistoryEntryComponent.uxml using Guid(210e50e15b80af044a15718d78f5388a) Importer(815301076,1909f56bfc062723c751e8b465ee728b)  -> (artifact id: '54b7ee8caceec259bb392e9476c110dc') in 0.004628 seconds 
========================================================================
Received Import Request.
  Time since last request: 0.046809 seconds.
  path: Packages/com.unity.2d.animation/Editor/Assets/SkinningModule/InfluenceWindow.uxml
  artifactKey: Guid(5d2935f038257c44998f9aeec57d2ae7) Importer(815301076,1909f56bfc062723c751e8b465ee728b)
Start importing Packages/com.unity.2d.animation/Editor/Assets/SkinningModule/InfluenceWindow.uxml using Guid(5d2935f038257c44998f9aeec57d2ae7) Importer(815301076,1909f56bfc062723c751e8b465ee728b)  -> (artifact id: '39daf809ef767c5d0f95dcdcf08263bd') in 0.002393 seconds 
========================================================================
Received Import Request.
  Time since last request: 0.022685 seconds.
  path: Packages/com.unity.collab-proxy/Editor/Collaborate/Assets/Layouts/ListNotice.uxml
  artifactKey: Guid(ce3b1c47301f979449f9bd6f0dcdd469) Importer(815301076,1909f56bfc062723c751e8b465ee728b)
Start importing Packages/com.unity.collab-proxy/Editor/Collaborate/Assets/Layouts/ListNotice.uxml using Guid(ce3b1c47301f979449f9bd6f0dcdd469) Importer(815301076,1909f56bfc062723c751e8b465ee728b)  -> (artifact id: 'cb4f33ec2a0bb7f67a8857747e7fc5d8') in 0.002341 seconds 
========================================================================
Received Import Request.
  Time since last request: 0.046479 seconds.
  path: Packages/com.unity.collab-proxy/Editor/Collaborate/Assets/Layouts/main-window.uxml
  artifactKey: Guid(0fc258eba97959a4bbc9d04f35188e88) Importer(815301076,1909f56bfc062723c751e8b465ee728b)
Start importing Packages/com.unity.collab-proxy/Editor/Collaborate/Assets/Layouts/main-window.uxml using Guid(0fc258eba97959a4bbc9d04f35188e88) Importer(815301076,1909f56bfc062723c751e8b465ee728b)  -> (artifact id: 'd3532ed38634ed3d9a7e993301141481') in 0.002161 seconds 
========================================================================
Received Import Request.
  Time since last request: 0.842544 seconds.
  path: Packages/com.unity.2d.animation/Editor/Assets/SkinningModule/MeshToolbar.uxml
  artifactKey: Guid(e085ef9f44efb404ca5462391539bf32) Importer(815301076,1909f56bfc062723c751e8b465ee728b)
Start importing Packages/com.unity.2d.animation/Editor/Assets/SkinningModule/MeshToolbar.uxml using Guid(e085ef9f44efb404ca5462391539bf32) Importer(815301076,1909f56bfc062723c751e8b465ee728b)  -> (artifact id: '6973d2a037ff34da5fb18ef82f341cf2') in 0.003547 seconds 
========================================================================
Received Import Request.
  Time since last request: 0.009926 seconds.
  path: Packages/com.unity.collab-proxy/Editor/PlasticSCM/Assets/Layouts/OrganizationPanel.uxml
  artifactKey: Guid(b6420407edc75d04f89d57eb2fcc314b) Importer(815301076,1909f56bfc062723c751e8b465ee728b)
Start importing Packages/com.unity.collab-proxy/Editor/PlasticSCM/Assets/Layouts/OrganizationPanel.uxml using Guid(b6420407edc75d04f89d57eb2fcc314b) Importer(815301076,1909f56bfc062723c751e8b465ee728b)  -> (artifact id: '3f928dce932cf626bf13b2da54afc15a') in 0.002351 seconds 
========================================================================
Received Import Request.
  Time since last request: 0.625593 seconds.
  path: Packages/com.unity.2d.animation/Editor/Assets/SkinningModule/PastePanel.uxml
  artifactKey: Guid(7bbb98f319252794fab775275aa2632d) Importer(815301076,1909f56bfc062723c751e8b465ee728b)
Start importing Packages/com.unity.2d.animation/Editor/Assets/SkinningModule/PastePanel.uxml using Guid(7bbb98f319252794fab775275aa2632d) Importer(815301076,1909f56bfc062723c751e8b465ee728b)  -> (artifact id: 'd731c97380a1cf778b0cb4f60fab44b2') in 0.004169 seconds 
========================================================================
Received Import Request.
  Time since last request: 0.007863 seconds.
  path: Packages/com.unity.services.core/Editor/Core/UiHelpers/UXML/PleaseWait.uxml
  artifactKey: Guid(b7ecf3a3ec1c94010a20351870519493) Importer(815301076,1909f56bfc062723c751e8b465ee728b)
Start importing Packages/com.unity.services.core/Editor/Core/UiHelpers/UXML/PleaseWait.uxml using Guid(b7ecf3a3ec1c94010a20351870519493) Importer(815301076,1909f56bfc062723c751e8b465ee728b)  -> (artifact id: '07ec6eeaaf3d25b45b864886b7971cf5') in 0.002340 seconds 
========================================================================
Received Import Request.
  Time since last request: 0.024118 seconds.
  path: Packages/com.unity.collab-proxy/Editor/PlasticSCM/Assets/Layouts/ProgressControlsForDialogs.uxml
  artifactKey: Guid(feccc3dff22272744a267246ae760a73) Importer(815301076,1909f56bfc062723c751e8b465ee728b)
Start importing Packages/com.unity.collab-proxy/Editor/PlasticSCM/Assets/Layouts/ProgressControlsForDialogs.uxml using Guid(feccc3dff22272744a267246ae760a73) Importer(815301076,1909f56bfc062723c751e8b465ee728b)  -> (artifact id: '43ebaad2f02535d5cf7d699beffbc50b') in 0.002226 seconds 
========================================================================
Received Import Request.
  Time since last request: 0.020605 seconds.
  path: Packages/com.unity.services.core/Editor/Core/ProjectBindRedirect/UXML/ProjectBindRedirectContent.uxml
  artifactKey: Guid(c3ea97ea17d794d399434834be23ac62) Importer(815301076,1909f56bfc062723c751e8b465ee728b)
Start importing Packages/com.unity.services.core/Editor/Core/ProjectBindRedirect/UXML/ProjectBindRedirectContent.uxml using Guid(c3ea97ea17d794d399434834be23ac62) Importer(815301076,1909f56bfc062723c751e8b465ee728b)  -> (artifact id: '31613515c97abdeb279afc904e31d226') in 0.002114 seconds 
========================================================================
Received Import Request.
  Time since last request: 2.584389 seconds.
  path: Packages/com.unity.services.core/Editor/Core/ProjectBindRedirect/UXML/ProjectBindRedirectProjectSettings.uxml
  artifactKey: Guid(1979fd426439544d792c9d2cb653aaa3) Importer(815301076,1909f56bfc062723c751e8b465ee728b)
Start importing Packages/com.unity.services.core/Editor/Core/ProjectBindRedirect/UXML/ProjectBindRedirectProjectSettings.uxml using Guid(1979fd426439544d792c9d2cb653aaa3) Importer(815301076,1909f56bfc062723c751e8b465ee728b)  -> (artifact id: '1c15c3f172969af75a5014bfc1828ec9') in 0.002651 seconds 
========================================================================
Received Import Request.
  Time since last request: 0.006795 seconds.
  path: Packages/com.unity.2d.animation/Editor/Assets/SkinningModule/RigToolbar.uxml
  artifactKey: Guid(c759b46e19574f558cedb72dff2e9530) Importer(815301076,1909f56bfc062723c751e8b465ee728b)
Start importing Packages/com.unity.2d.animation/Editor/Assets/SkinningModule/RigToolbar.uxml using Guid(c759b46e19574f558cedb72dff2e9530) Importer(815301076,1909f56bfc062723c751e8b465ee728b)  -> (artifact id: 'ae18920fa2c94c5c49f90996b0e3b642') in 0.002480 seconds 
========================================================================
Received Import Request.
  Time since last request: 0.022140 seconds.
  path: Packages/com.unity.collab-proxy/Editor/PlasticSCM/Assets/Layouts/SignInPanel.uxml
  artifactKey: Guid(18b097dd2d10fb442a321314f4541401) Importer(815301076,1909f56bfc062723c751e8b465ee728b)
Start importing Packages/com.unity.collab-proxy/Editor/PlasticSCM/Assets/Layouts/SignInPanel.uxml using Guid(18b097dd2d10fb442a321314f4541401) Importer(815301076,1909f56bfc062723c751e8b465ee728b)  -> (artifact id: '5ade138d2a0cdcf4695900143fb4ebdf') in 0.002051 seconds 
========================================================================
Received Import Request.
  Time since last request: 0.015698 seconds.
  path: Packages/com.unity.collab-proxy/Editor/PlasticSCM/Assets/Layouts/SSOSignUpPanel.uxml
  artifactKey: Guid(6dac85d7b8e76424ab582326c2cb5531) Importer(815301076,1909f56bfc062723c751e8b465ee728b)
Start importing Packages/com.unity.collab-proxy/Editor/PlasticSCM/Assets/Layouts/SSOSignUpPanel.uxml using Guid(6dac85d7b8e76424ab582326c2cb5531) Importer(815301076,1909f56bfc062723c751e8b465ee728b)  -> (artifact id: '6c56b6f990907170d2ea6827f14cb511') in 0.002338 seconds 
========================================================================
Received Import Request.
  Time since last request: 2.680206 seconds.
  path: Packages/com.unity.collab-proxy/Editor/PlasticSCM/Assets/Layouts/PlasticWindow/StatusBar.uxml
  artifactKey: Guid(872252c6da7ba3c4ba34ad38b39b4f4c) Importer(815301076,1909f56bfc062723c751e8b465ee728b)
Start importing Packages/com.unity.collab-proxy/Editor/PlasticSCM/Assets/Layouts/PlasticWindow/StatusBar.uxml using Guid(872252c6da7ba3c4ba34ad38b39b4f4c) Importer(815301076,1909f56bfc062723c751e8b465ee728b)  -> (artifact id: '2817fedf40847ac9030dfcb1e4192724') in 0.002524 seconds 
========================================================================
Received Import Request.
  Time since last request: 0.024971 seconds.
  path: Packages/com.unity.collab-proxy/Editor/PlasticSCM/Assets/Layouts/TeamEditionConfigurationWindow.uxml
  artifactKey: Guid(26d3a583da6079145a52a8bef4beb6c5) Importer(815301076,1909f56bfc062723c751e8b465ee728b)
Start importing Packages/com.unity.collab-proxy/Editor/PlasticSCM/Assets/Layouts/TeamEditionConfigurationWindow.uxml using Guid(26d3a583da6079145a52a8bef4beb6c5) Importer(815301076,1909f56bfc062723c751e8b465ee728b)  -> (artifact id: 'eafa4e989573f85cb773f44ef6b65461') in 0.002747 seconds 
========================================================================
Received Import Request.
  Time since last request: 0.046918 seconds.
  path: Packages/com.unity.collab-proxy/Editor/PlasticSCM/Assets/Layouts/TurnOffPlasticWindow.uxml
  artifactKey: Guid(31a577f9e6c336e40901eb20082e06a0) Importer(815301076,1909f56bfc062723c751e8b465ee728b)
Start importing Packages/com.unity.collab-proxy/Editor/PlasticSCM/Assets/Layouts/TurnOffPlasticWindow.uxml using Guid(31a577f9e6c336e40901eb20082e06a0) Importer(815301076,1909f56bfc062723c751e8b465ee728b)  -> (artifact id: '77f4edef9d0c1f0c25a4210b255af48e') in 0.002113 seconds 
========================================================================
Received Import Request.
  Time since last request: 8.149862 seconds.
  path: Packages/com.unity.2d.animation/Editor/Assets/SkinningModule/WeightPainterPanel.uxml
  artifactKey: Guid(6e9568834ba2b2c44af4e3876cee0d2d) Importer(815301076,1909f56bfc062723c751e8b465ee728b)
Start importing Packages/com.unity.2d.animation/Editor/Assets/SkinningModule/WeightPainterPanel.uxml using Guid(6e9568834ba2b2c44af4e3876cee0d2d) Importer(815301076,1909f56bfc062723c751e8b465ee728b)  -> (artifact id: 'f515ee0fd5f7b0f5fd055d6924a8f6db') in 0.002628 seconds 
