Using pre-set license
Built from '2021.3/staging' branch; Version is '2021.3.4f1 (cb45f9cae8b7) revision 13321721'; Using compiler version '192829333'; Build Type 'Release'
OS: 'Windows 11  (10.0.22621) 64bit Core' Language: 'ko' Physical Memory: 64662 MB
BatchMode: 1, IsHumanControllingUs: 0, StartBugReporterOnCrash: 0, Is64bit: 1, IsPro: 1

COMMAND LINE ARGUMENTS:
C:\Program Files\Unity\Hub\Editor\2021.3.4f1\Editor\Unity.exe
-adb2
-batchMode
-noUpm
-name
AssetImportWorker8
-projectPath
C:/Users/user/Documents/GitHub/WoongJin_Game_FORK/Animal_Land
-logFile
Logs/AssetImportWorker8.log
-srvPort
51741
Successfully changed project path to: C:/Users/user/Documents/GitHub/WoongJin_Game_FORK/Animal_Land
C:/Users/user/Documents/GitHub/WoongJin_Game_FORK/Animal_Land
[UnityMemory] Configuration Parameters - Can be set up in boot.config
    "memorysetup-bucket-allocator-granularity=16"
    "memorysetup-bucket-allocator-bucket-count=8"
    "memorysetup-bucket-allocator-block-size=33554432"
    "memorysetup-bucket-allocator-block-count=8"
    "memorysetup-main-allocator-block-size=16777216"
    "memorysetup-thread-allocator-block-size=16777216"
    "memorysetup-gfx-main-allocator-block-size=16777216"
    "memorysetup-gfx-thread-allocator-block-size=16777216"
    "memorysetup-cache-allocator-block-size=4194304"
    "memorysetup-typetree-allocator-block-size=2097152"
    "memorysetup-profiler-bucket-allocator-granularity=16"
    "memorysetup-profiler-bucket-allocator-bucket-count=8"
    "memorysetup-profiler-bucket-allocator-block-size=33554432"
    "memorysetup-profiler-bucket-allocator-block-count=8"
    "memorysetup-profiler-allocator-block-size=16777216"
    "memorysetup-profiler-editor-allocator-block-size=1048576"
    "memorysetup-temp-allocator-size-main=16777216"
    "memorysetup-job-temp-allocator-block-size=2097152"
    "memorysetup-job-temp-allocator-block-size-background=1048576"
    "memorysetup-job-temp-allocator-reduction-small-platforms=262144"
    "memorysetup-temp-allocator-size-background-worker=32768"
    "memorysetup-temp-allocator-size-job-worker=262144"
    "memorysetup-temp-allocator-size-preload-manager=33554432"
    "memorysetup-temp-allocator-size-nav-mesh-worker=65536"
    "memorysetup-temp-allocator-size-audio-worker=65536"
    "memorysetup-temp-allocator-size-cloud-worker=32768"
    "memorysetup-temp-allocator-size-gi-baking-worker=262144"
    "memorysetup-temp-allocator-size-gfx=262144"
Refreshing native plugins compatible for Editor in 92.67 ms, found 8 plugins.
Preloading 0 native plugins for Editor in 0.00 ms.
Initialize engine version: 2021.3.4f1 (cb45f9cae8b7)
[Subsystems] Discovering subsystems at path C:/Program Files/Unity/Hub/Editor/2021.3.4f1/Editor/Data/Resources/UnitySubsystems
[Subsystems] Discovering subsystems at path C:/Users/user/Documents/GitHub/WoongJin_Game_FORK/Animal_Land/Assets
GfxDevice: creating device client; threaded=0; jobified=0
Direct3D:
    Version:  Direct3D 11.0 [level 11.1]
    Renderer: NVIDIA GeForce RTX 3070 (ID=0x2488)
    Vendor:   NVIDIA
    VRAM:     8032 MB
    Driver:   31.0.15.2802
Initialize mono
Mono path[0] = 'C:/Program Files/Unity/Hub/Editor/2021.3.4f1/Editor/Data/Managed'
Mono path[1] = 'C:/Program Files/Unity/Hub/Editor/2021.3.4f1/Editor/Data/MonoBleedingEdge/lib/mono/unityjit-win32'
Mono config path = 'C:/Program Files/Unity/Hub/Editor/2021.3.4f1/Editor/Data/MonoBleedingEdge/etc'
Using monoOptions --debugger-agent=transport=dt_socket,embedding=1,server=y,suspend=n,address=127.0.0.1:56476
Begin MonoManager ReloadAssembly
Registering precompiled unity dll's ...
Register platform support module: C:/Program Files/Unity/Hub/Editor/2021.3.4f1/Editor/Data/PlaybackEngines/AndroidPlayer/UnityEditor.Android.Extensions.dll
Register platform support module: C:/Program Files/Unity/Hub/Editor/2021.3.4f1/Editor/Data/PlaybackEngines/WindowsStandaloneSupport/UnityEditor.WindowsStandalone.Extensions.dll
Registered in 0.006076 seconds.
Native extension for WindowsStandalone target not found
Native extension for Android target not found
Refreshing native plugins compatible for Editor in 70.01 ms, found 8 plugins.
Preloading 0 native plugins for Editor in 0.00 ms.
Mono: successfully reloaded assembly
- Completed reload, in  0.384 seconds
Domain Reload Profiling:
	ReloadAssembly (384ms)
		BeginReloadAssembly (45ms)
			ExecutionOrderSort (0ms)
			DisableScriptedObjects (0ms)
			BackupInstance (0ms)
			ReleaseScriptingObjects (0ms)
			CreateAndSetChildDomain (0ms)
		EndReloadAssembly (277ms)
			LoadAssemblies (43ms)
			RebuildTransferFunctionScriptingTraits (0ms)
			SetupTypeCache (57ms)
			ReleaseScriptCaches (0ms)
			RebuildScriptCaches (13ms)
			SetupLoadedEditorAssemblies (174ms)
				LogAssemblyErrors (0ms)
				InitializePlatformSupportModulesInManaged (30ms)
				SetLoadedEditorAssemblies (0ms)
				RefreshPlugins (70ms)
				BeforeProcessingInitializeOnLoad (1ms)
				ProcessInitializeOnLoadAttributes (48ms)
				ProcessInitializeOnLoadMethodAttributes (24ms)
				AfterProcessingInitializeOnLoad (0ms)
				EditorAssembliesLoaded (0ms)
			ExecutionOrderSort2 (0ms)
			AwakeInstancesAfterBackupRestoration (0ms)
Platform modules already initialized, skipping
Registering precompiled user dll's ...
Registered in 0.014942 seconds.
Begin MonoManager ReloadAssembly
Symbol file LoadedFromMemory doesn't match image C:\Users\user\Documents\GitHub\WoongJin_Game_FORK\Animal_Land\Library\PackageCache\com.unity.visualscripting@1.7.8\Editor\VisualScripting.Core\Dependencies\DotNetZip\Unity.VisualScripting.IonicZip.dll
Symbol file LoadedFromMemory doesn't match image C:\Users\user\Documents\GitHub\WoongJin_Game_FORK\Animal_Land\Library\PackageCache\com.unity.visualscripting@1.7.8\Editor\VisualScripting.Core\Dependencies\YamlDotNet\Unity.VisualScripting.YamlDotNet.dll
Native extension for WindowsStandalone target not found
Native extension for Android target not found
Refreshing native plugins compatible for Editor in 70.20 ms, found 8 plugins.
Preloading 0 native plugins for Editor in 0.00 ms.
Mono: successfully reloaded assembly
Package Manager log level set to [2]
- Completed reload, in  0.870 seconds
Domain Reload Profiling:
	ReloadAssembly (871ms)
		BeginReloadAssembly (174ms)
			ExecutionOrderSort (0ms)
			DisableScriptedObjects (3ms)
			BackupInstance (0ms)
			ReleaseScriptingObjects (0ms)
			CreateAndSetChildDomain (120ms)
		EndReloadAssembly (627ms)
			LoadAssemblies (67ms)
			RebuildTransferFunctionScriptingTraits (0ms)
			SetupTypeCache (134ms)
			ReleaseScriptCaches (1ms)
			RebuildScriptCaches (35ms)
			SetupLoadedEditorAssemblies (361ms)
				LogAssemblyErrors (0ms)
				InitializePlatformSupportModulesInManaged (8ms)
				SetLoadedEditorAssemblies (0ms)
				RefreshPlugins (70ms)
				BeforeProcessingInitializeOnLoad (75ms)
				ProcessInitializeOnLoadAttributes (180ms)
				ProcessInitializeOnLoadMethodAttributes (22ms)
				AfterProcessingInitializeOnLoad (6ms)
				EditorAssembliesLoaded (0ms)
			ExecutionOrderSort2 (0ms)
			AwakeInstancesAfterBackupRestoration (4ms)
Platform modules already initialized, skipping
========================================================================
Worker process is ready to serve import requests
Launched and connected shader compiler UnityShaderCompiler.exe after 0.03 seconds
Refreshing native plugins compatible for Editor in 1.31 ms, found 8 plugins.
Preloading 0 native plugins for Editor in 0.00 ms.
Unloading 4895 Unused Serialized files (Serialized files now loaded: 0)
Unloading 215 unused Assets / (58.8 KB). Loaded Objects now: 5190.
Memory consumption went from 183.8 MB to 183.8 MB.
Total: 2.695100 ms (FindLiveObjects: 0.269100 ms CreateObjectMapping: 0.067000 ms MarkObjects: 2.281900 ms  DeleteObjects: 0.076400 ms)

AssetImportParameters requested are different than current active one (requested -> active):
  custom:video-decoder-ogg-theora: a1e56fd34408186e4bbccfd4996cb3dc -> 
  custom:container-muxer-webm: aa71ff27fc2769a1b78a27578f13a17b -> 
  custom:container-demuxer-webm: 4f35f7cbe854078d1ac9338744f61a02 -> 
  custom:video-encoder-webm-vp8: eb34c28f22e8b96e1ab97ce403110664 -> 
  custom:video-codec-MediaFoundation-h265: 746d11721c4dcdbdad8f713fa42b33f4 -> 
  custom:audio-encoder-webm-vorbis: bf7c407c2cedff20999df2af8eb42d56 -> 
  custom:framework-win-MediaFoundation: 216162199b28c13a410421893ffa2e32 -> 
  custom:container-demuxer-ogg: 62fdf1f143b41e24485cea50d1cbac27 -> 
  custom:video-decoder-webm-vp8: 9c59270c3fd7afecdb556c50c9e8de78 -> 
  custom:audio-decoder-ogg-vorbis: bf7c407c2cedff20999df2af8eb42d56 -> 
========================================================================
Received Import Request.
  Time since last request: 357572.000154 seconds.
  path: Assets/Plugins/TEXDraw/Fonts/Math/cmex.ttf
  artifactKey: Guid(05e636abe7d96894a9a3b58f890a12e9) Importer(815301076,1909f56bfc062723c751e8b465ee728b)
Start importing Assets/Plugins/TEXDraw/Fonts/Math/cmex.ttf using Guid(05e636abe7d96894a9a3b58f890a12e9) Importer(815301076,1909f56bfc062723c751e8b465ee728b)  -> (artifact id: '685670a67e9088463604eda321f87fde') in 0.078494 seconds 
========================================================================
Received Import Request.
  Time since last request: 0.533317 seconds.
  path: Assets/Plugins/TEXDraw/Fonts/Extras/cmfi.ttf
  artifactKey: Guid(a6d492e7254eff149b789520e08fa151) Importer(815301076,1909f56bfc062723c751e8b465ee728b)
Start importing Assets/Plugins/TEXDraw/Fonts/Extras/cmfi.ttf using Guid(a6d492e7254eff149b789520e08fa151) Importer(815301076,1909f56bfc062723c751e8b465ee728b)  -> (artifact id: 'd5285296a03a366496f8bda0afc9aa21') in 0.015353 seconds 
========================================================================
Received Import Request.
  Time since last request: 0.292189 seconds.
  path: Assets/Plugins/TEXDraw/Fonts/Math/cmmi.ttf
  artifactKey: Guid(1fde6bb96f6738c42aed9e1bcbaaa36e) Importer(815301076,1909f56bfc062723c751e8b465ee728b)
Start importing Assets/Plugins/TEXDraw/Fonts/Math/cmmi.ttf using Guid(1fde6bb96f6738c42aed9e1bcbaaa36e) Importer(815301076,1909f56bfc062723c751e8b465ee728b)  -> (artifact id: '806a104a50a56b31c7c47f8e0cd5c93f') in 0.015726 seconds 
========================================================================
Received Import Request.
  Time since last request: 0.407155 seconds.
  path: Assets/Plugins/TEXDraw/Fonts/Math/cmr.ttf
  artifactKey: Guid(a863480d2d3ed4b4383f5fef8fc4090e) Importer(815301076,1909f56bfc062723c751e8b465ee728b)
Start importing Assets/Plugins/TEXDraw/Fonts/Math/cmr.ttf using Guid(a863480d2d3ed4b4383f5fef8fc4090e) Importer(815301076,1909f56bfc062723c751e8b465ee728b)  -> (artifact id: '1187230e26673e3c891b0bb1c3f514a5') in 0.016384 seconds 
========================================================================
Received Import Request.
  Time since last request: 0.344678 seconds.
  path: Assets/Plugins/TEXDraw/Fonts/Extras/cmssbx.ttf
  artifactKey: Guid(56e236000995be8478faceff9df0dcb6) Importer(815301076,1909f56bfc062723c751e8b465ee728b)
Start importing Assets/Plugins/TEXDraw/Fonts/Extras/cmssbx.ttf using Guid(56e236000995be8478faceff9df0dcb6) Importer(815301076,1909f56bfc062723c751e8b465ee728b)  -> (artifact id: '42d2ad6c6b0a9f33f71ba62c85285b99') in 0.016181 seconds 
========================================================================
Received Import Request.
  Time since last request: 0.420355 seconds.
  path: Assets/Plugins/TEXDraw/Fonts/Extras/cmssi.ttf
  artifactKey: Guid(c5df8aeaec6316a4abd36c1b3833a335) Importer(815301076,1909f56bfc062723c751e8b465ee728b)
Start importing Assets/Plugins/TEXDraw/Fonts/Extras/cmssi.ttf using Guid(c5df8aeaec6316a4abd36c1b3833a335) Importer(815301076,1909f56bfc062723c751e8b465ee728b)  -> (artifact id: '69c7036a35ec3463e81392890f618b5d') in 0.014804 seconds 
========================================================================
Received Import Request.
  Time since last request: 0.385297 seconds.
  path: Assets/Plugins/TEXDraw/Fonts/Extras/cmtcsc.ttf
  artifactKey: Guid(2aa732da142c06e44830052fb1cd3193) Importer(815301076,1909f56bfc062723c751e8b465ee728b)
Start importing Assets/Plugins/TEXDraw/Fonts/Extras/cmtcsc.ttf using Guid(2aa732da142c06e44830052fb1cd3193) Importer(815301076,1909f56bfc062723c751e8b465ee728b)  -> (artifact id: '094b13501dd1fcccd409c46899fe0ce8') in 0.020163 seconds 
========================================================================
Received Import Request.
  Time since last request: 0.011181 seconds.
  path: Assets/Plugins/TEXDraw/Fonts/Extras/cmti.ttf
  artifactKey: Guid(31b92d6207010cb4eab900dcbb5ed18e) Importer(815301076,1909f56bfc062723c751e8b465ee728b)
Start importing Assets/Plugins/TEXDraw/Fonts/Extras/cmti.ttf using Guid(31b92d6207010cb4eab900dcbb5ed18e) Importer(815301076,1909f56bfc062723c751e8b465ee728b)  -> (artifact id: '217d3363ff2bc5c52e4fcbfcfd977aa5') in 0.018519 seconds 
========================================================================
Received Import Request.
  Time since last request: 0.380610 seconds.
  path: Assets/Plugins/TEXDraw/Fonts/Extras/cmu.ttf
  artifactKey: Guid(e9834fd4cd0f40648bdbf9ea18d86e24) Importer(815301076,1909f56bfc062723c751e8b465ee728b)
Start importing Assets/Plugins/TEXDraw/Fonts/Extras/cmu.ttf using Guid(e9834fd4cd0f40648bdbf9ea18d86e24) Importer(815301076,1909f56bfc062723c751e8b465ee728b)  -> (artifact id: 'eae16aaffa07a6cd43a7f81126812d92') in 0.016158 seconds 
========================================================================
Received Import Request.
  Time since last request: 0.676276 seconds.
  path: Packages/com.unity.mobile.android-logcat/Editor/Fonts/consola.ttf
  artifactKey: Guid(b8af58820f69b474e8f63dc40a702fbc) Importer(815301076,1909f56bfc062723c751e8b465ee728b)
Start importing Packages/com.unity.mobile.android-logcat/Editor/Fonts/consola.ttf using Guid(b8af58820f69b474e8f63dc40a702fbc) Importer(815301076,1909f56bfc062723c751e8b465ee728b)  -> (artifact id: '704e569ddb5933dba45b5b7ef50f2670') in 0.016963 seconds 
========================================================================
Received Import Request.
  Time since last request: 0.284719 seconds.
  path: Assets/Photon/PhotonUnityNetworking/Demos/Shared Assets/Skin/eurof35.ttf
  artifactKey: Guid(954746d370bc8934299c8c8267543f4f) Importer(815301076,1909f56bfc062723c751e8b465ee728b)
Start importing Assets/Photon/PhotonUnityNetworking/Demos/Shared Assets/Skin/eurof35.ttf using Guid(954746d370bc8934299c8c8267543f4f) Importer(815301076,1909f56bfc062723c751e8b465ee728b)  -> (artifact id: 'eeab5a48cab3c89d875b6493a99cd12d') in 0.043554 seconds 
========================================================================
Received Import Request.
  Time since last request: 0.340915 seconds.
  path: Assets/Photon/PhotonUnityNetworking/Demos/Shared Assets/Skin/Jura-Medium.ttf
  artifactKey: Guid(e00995507c2406448b4c8429136104dd) Importer(815301076,1909f56bfc062723c751e8b465ee728b)
Start importing Assets/Photon/PhotonUnityNetworking/Demos/Shared Assets/Skin/Jura-Medium.ttf using Guid(e00995507c2406448b4c8429136104dd) Importer(815301076,1909f56bfc062723c751e8b465ee728b)  -> (artifact id: '87013acec64163fd7ad396e21c4956b1') in 0.019694 seconds 
========================================================================
Received Import Request.
  Time since last request: 0.000015 seconds.
  path: Assets/Photon/PhotonChat/Demos/DemoChat/Files/Jura-Medium.ttf
  artifactKey: Guid(5abfb0a229c98b3499cffa6c59c2ffb4) Importer(815301076,1909f56bfc062723c751e8b465ee728b)
Start importing Assets/Photon/PhotonChat/Demos/DemoChat/Files/Jura-Medium.ttf using Guid(5abfb0a229c98b3499cffa6c59c2ffb4) Importer(815301076,1909f56bfc062723c751e8b465ee728b)  -> (artifact id: '32af1456a970960fdc00147733df1de5') in 0.019027 seconds 
========================================================================
Received Import Request.
  Time since last request: 0.363959 seconds.
  path: Assets/Plugins/TEXDraw/Fonts/Math/msam.ttf
  artifactKey: Guid(eb8f9f86280ca134386b610f845c4c10) Importer(815301076,1909f56bfc062723c751e8b465ee728b)
Start importing Assets/Plugins/TEXDraw/Fonts/Math/msam.ttf using Guid(eb8f9f86280ca134386b610f845c4c10) Importer(815301076,1909f56bfc062723c751e8b465ee728b)  -> (artifact id: 'a76e319877ffb9eedd5e7c782ab425be') in 0.015471 seconds 
========================================================================
Received Import Request.
  Time since last request: 2.177758 seconds.
  path: Assets/TextMesh Pro/Fonts/NewFont.ttf
  artifactKey: Guid(aa8378adc0c9e6d4a82a86e2f2cbc2a8) Importer(815301076,1909f56bfc062723c751e8b465ee728b)
Start importing Assets/TextMesh Pro/Fonts/NewFont.ttf using Guid(aa8378adc0c9e6d4a82a86e2f2cbc2a8) Importer(815301076,1909f56bfc062723c751e8b465ee728b)  -> (artifact id: '45f57fee1ae05d8f8a5fb2c4a9196870') in 0.019149 seconds 
========================================================================
Received Import Request.
  Time since last request: 0.926928 seconds.
  path: Assets/Plugins/TEXDraw/Fonts/User/opens.ttf
  artifactKey: Guid(a0e5d126b1deff741a71c873a55d3a06) Importer(815301076,1909f56bfc062723c751e8b465ee728b)
Start importing Assets/Plugins/TEXDraw/Fonts/User/opens.ttf using Guid(a0e5d126b1deff741a71c873a55d3a06) Importer(815301076,1909f56bfc062723c751e8b465ee728b)  -> (artifact id: 'bfde9f2d208bf96c2823b2db309cf29f') in 0.018786 seconds 
========================================================================
Received Import Request.
  Time since last request: 0.014818 seconds.
  path: Assets/Plugins/TEXDraw/Fonts/User/opensb.ttf
  artifactKey: Guid(65dca0e587c540946b6eae97c96e6c00) Importer(815301076,1909f56bfc062723c751e8b465ee728b)
Start importing Assets/Plugins/TEXDraw/Fonts/User/opensb.ttf using Guid(65dca0e587c540946b6eae97c96e6c00) Importer(815301076,1909f56bfc062723c751e8b465ee728b)  -> (artifact id: '7616cdc6b2d03c8c604089fc1b7e2684') in 0.016369 seconds 
========================================================================
Received Import Request.
  Time since last request: 344.487881 seconds.
  path: Assets/Resources/UI/U65_창닫기.png
  artifactKey: Guid(0d5e6da9dc4e4314f9beb867b9febfd0) Importer(815301076,1909f56bfc062723c751e8b465ee728b)
Start importing Assets/Resources/UI/U65_창닫기.png using Guid(0d5e6da9dc4e4314f9beb867b9febfd0) Importer(815301076,1909f56bfc062723c751e8b465ee728b)  -> (artifact id: 'ae3b70c7fa63cb671ef94e627b3e35e4') in 0.030558 seconds 
========================================================================
Received Import Request.
  Time since last request: 0.000018 seconds.
  path: Assets/Resources/UI/U71_골드가 소모 됩니다..png
  artifactKey: Guid(4cb600ab861318540b4163c04b724cce) Importer(815301076,1909f56bfc062723c751e8b465ee728b)
Start importing Assets/Resources/UI/U71_골드가 소모 됩니다..png using Guid(4cb600ab861318540b4163c04b724cce) Importer(815301076,1909f56bfc062723c751e8b465ee728b)  -> (artifact id: '7fccfb652549f071c841cb43123df9be') in 0.031379 seconds 
========================================================================
Received Import Request.
  Time since last request: 0.000035 seconds.
  path: Assets/Resources/UI/U73_골드 아이콘.png
  artifactKey: Guid(d91df628b055233459d737b4e247c099) Importer(815301076,1909f56bfc062723c751e8b465ee728b)
Start importing Assets/Resources/UI/U73_골드 아이콘.png using Guid(d91df628b055233459d737b4e247c099) Importer(815301076,1909f56bfc062723c751e8b465ee728b)  -> (artifact id: '45a838c11df8f7298ef11c85a03ddf00') in 0.042353 seconds 
========================================================================
Received Import Request.
  Time since last request: 0.000018 seconds.
  path: Assets/Resources/UI/U67_상점 구매 확인 창.png
  artifactKey: Guid(47e3857898b8d3a419b958b0a3809764) Importer(815301076,1909f56bfc062723c751e8b465ee728b)
Start importing Assets/Resources/UI/U67_상점 구매 확인 창.png using Guid(47e3857898b8d3a419b958b0a3809764) Importer(815301076,1909f56bfc062723c751e8b465ee728b)  -> (artifact id: '89fcec262b345ad9d84efcaa7a5f23ac') in 0.063685 seconds 
========================================================================
Received Import Request.
  Time since last request: 0.000019 seconds.
  path: Assets/Resources/UI/U72_구매 하시겠습니까.png
  artifactKey: Guid(d147563d3d80faf41ba6f12084303cde) Importer(815301076,1909f56bfc062723c751e8b465ee728b)
Start importing Assets/Resources/UI/U72_구매 하시겠습니까.png using Guid(d147563d3d80faf41ba6f12084303cde) Importer(815301076,1909f56bfc062723c751e8b465ee728b)  -> (artifact id: 'ad13d5dc765da8e009a3e271c40cbb2f') in 0.022292 seconds 
========================================================================
Received Import Request.
  Time since last request: 0.000021 seconds.
  path: Assets/Resources/UI/U69_아니오.png
  artifactKey: Guid(139da2c66c0df874ba67a21b03cec9a6) Importer(815301076,1909f56bfc062723c751e8b465ee728b)
Start importing Assets/Resources/UI/U69_아니오.png using Guid(139da2c66c0df874ba67a21b03cec9a6) Importer(815301076,1909f56bfc062723c751e8b465ee728b)  -> (artifact id: '57072feba04478d174556fe470899d25') in 0.019762 seconds 
Editor requested this worker to shutdown with reason: Scaling down because of idle timeout
AssetImportWorker is now disconnected from the server
Process exiting
Exiting without the bug reporter. Application will terminate with return code 0